=== VERANSTALTUNGEN-FEED PROTOKOLL ===
Start: 17.6.2026, 20:57:22

Feeds:
- https://politepaul.com/fd/Eyp580eFzrQR.xml
- https://politepaul.com/fd/dkhMccrxjNSn.xml
- https://politepaul.com/fd/LMgYtHqPB9vF.xml
- https://politepaul.com/fd/AC9SWsow67fe.xml
- https://politepaul.com/fd/L3cCYeTigq4G.xml
- https://politepaul.com/fd/zKsSAWngDbou.xml

Kein Link (ignoriert):
- Keine.

Statischer Filter (Keywords):
- Gelöscht [Keyword 'dauerausstellung']: 'BEWEGUNGEN. NEUE DAUERAUSSTELLUNG'
- Gelöscht [Keyword 'rüttihubelbad']: 'Faszination Resonanz: kleine Impulse – grosse Wirkung'
- Gelöscht [Keyword 'dauerausstellung']: 'Dauerausstellungen'
- Gelöscht [Keyword 'dauerausstellung']: '"Gut in Schuss". Neue Dauerausstellung'

Aus Cache übernommen (0):
- Keine.

KI-Filter / Cache-Löschungen (75):
- Gelöscht [Dauerausstellung ohne Enddatum]: 'Höhepunkte der Sammlung' [Feed: Museen Bern]
- Gelöscht [Dauerausstellung ohne Enddatum]: 'Ausstellung' [Feed: Museen Bern]
- Gelöscht [Vergangenes Datum]: 'Souvenir' [Feed: Museen Bern]
- Gelöscht [Dauerausstellung ohne Enddatum]: 'Atelier' [Feed: Museen Bern]
- Gelöscht [Dauerausstellung ohne Enddatum]: 'Game' [Feed: Museen Bern]
- Gelöscht [Vergangenes Datum]: 'Anno 1811 - Die Anfänge der Blasmusik in der Schweiz' [Feed: Museen Bern]
- Gelöscht [Dauerausstellung ohne Enddatum]: 'Lika Nüssli: ›Für die Katz‹' [Feed: Museen Bern]
- Gelöscht [Dauerausstellung ohne Enddatum]: 'Mensch, Erde! –' [Feed: Museen Bern]
- Gelöscht [Dauerausstellung ohne Enddatum]: 'Einstein Museum' [Feed: Museen Bern]
- Gelöscht [Dauerausstellung ohne Enddatum]: 'Von Höhenfeuern, Smartphones und Cyborgs' [Feed: Museen Bern]
- Gelöscht [Dauerausstellung ohne Enddatum]: 'Thementouren' [Feed: Museen Bern]
- Gelöscht [Dauerausstellung ohne Enddatum]: 'Wunderkammer - Die Schausammlung' [Feed: Museen Bern]
- Gelöscht [Dauerausstellung ohne Enddatum]: 'Audiowalk durch die Nationalbibliothek: LEISES RUMOREN' [Feed: Museen Bern]
- Gelöscht [Vergangenes Datum]: '«Goldrichtig – Ist Goldrecycling die Zukunft?»' [Feed: Museen Bern]
- Gelöscht [Vergangenes Datum]: 'Murten, ausgeschlachtet.' [Feed: Museen Bern]
- Gelöscht [Events ausschließlich für Senioren]: 'Séance de Gym équilibr'âge' [Feed: Morges Agenda]
- Gelöscht [Kein Ort erkennbar]: 'Visite guidée : de la collection à l'exposition' [Feed: Temps Libre - Ce Weekend]
- Gelöscht [Kein Ort erkennbar]: 'Visite guidée du mois' [Feed: Temps Libre - Ce Weekend]
- Gelöscht [Kein Ort erkennbar]: 'Kodai. L'Antiquité dans la pop culture japonaise' [Feed: Temps Libre - Ce Weekend]
- Gelöscht [Kein Ort erkennbar]: 'Exposition Aquafresca !' [Feed: Temps Libre - Ce Weekend]
- Gelöscht [Kein Ort erkennbar]: 'CROQUE-MADAME / LUCIE KOHLER & CAROLINE TCHUMI' [Feed: Temps Libre - Ce Weekend]
- Gelöscht [Kein Ort erkennbar]: 'Une exposition tout en contrastes' [Feed: Temps Libre - Ce Weekend]
- Gelöscht [Kein Ort erkennbar]: 'Écrits d'art brut' [Feed: Temps Libre - Ce Weekend]
- Gelöscht [Dauerausstellung ohne Enddatum]: 'Find Ratatösk' [Feed: Museen Bern]
- Gelöscht [Kein Ort erkennbar]: 'SCULPTUR'ELLES' [Feed: Temps Libre - Ce Weekend]
- Gelöscht [Dauerausstellung ohne Enddatum]: 'Historische Blasinstrumente und Trommeln zum Staunen und selber Ausprobieren' [Feed: Museen Bern]
- Gelöscht [Dauerausstellung ohne Enddatum]: 'Barry – der legendäre Bernhardinerhund' [Feed: Museen Bern]
- Gelöscht [Dauerausstellung ohne Enddatum]: 'Riesenkristalle – der Schatz vom Planggenstock' [Feed: Museen Bern]
- Gelöscht [Kein Ort erkennbar]: 'Le petit monde d'Anne Crausaz, à hauteur de fourmis' [Feed: Temps Libre - Ce Weekend]
- Gelöscht [Dauerausstellung ohne Enddatum]: 'Flossen-Füsse-Flügel' [Feed: Museen Bern]
- Gelöscht [Kein Ort erkennbar]: 'Exposition: Arbres et Forêts de Daniel Frank' [Feed: Temps Libre - Ce Weekend]
- Gelöscht [Dauerausstellung ohne Enddatum]: 'Ständige Ausstellung zur Kinogeschichte' [Feed: Museen Bern]
- Gelöscht [Kein Ort erkennbar]: 'Exposition artistique - Délicatesses forestières' [Feed: Temps Libre - Ce Weekend]
- Gelöscht [Dauerausstellung ohne Enddatum]: 'Originale Objekte der griechischen, etruskischen und römischen Kleinkunst und eine reiche Sammlung von Gipsabgüssen nach antiken Skulpturen' [Feed: Museen Bern]
- Gelöscht [Dauerausstellung ohne Enddatum]: 'Theater in Gegenwart und Geschichte' [Feed: Museen Bern]
- Gelöscht [Vergangenes Datum]: 'Exposition Mimêsis - la nature aux origines de l'innovation' [Feed: Temps Libre - Ce Weekend]
- Gelöscht [Dauerausstellung ohne Enddatum]: 'Falknerei – Ein Greif auf meiner Hand' [Feed: Museen Bern]
- Gelöscht [Events vor allem für Kinder]: 'Miaou, meuh, wouf : animaux et art verrier au mudac' [Feed: Temps Libre - Ce Weekend]
- Gelöscht [Dauerausstellung ohne Enddatum]: 'Die Jagdhistorische Sammlung La Roche' [Feed: Museen Bern]
- Gelöscht [Kein Ort erkennbar]: 'Exposition Cataracte de Denis Ponté' [Feed: Temps Libre - Ce Weekend]
- Gelöscht [Dauerausstellung ohne Enddatum]: 'Wild und Mensch in der Kulturlandschaft' [Feed: Museen Bern]
- Gelöscht [Kein Ort erkennbar]: 'Visite guidée - Colonialisme. Une Suisse impliquée' [Feed: Temps Libre - Ce Weekend]
- Gelöscht [Dauerausstellung ohne Enddatum]: 'Spuren der Jagd in der Schweiz' [Feed: Museen Bern]
- Gelöscht [Dauerausstellung ohne Enddatum]: 'Lockvögel, Sammlung Heinrich und Heidi Brandenberger' [Feed: Museen Bern]
- Gelöscht [Dauerausstellung ohne Enddatum]: 'Feuerwaffen der Schweizer Jäger im 19. und 20. Jahrhundert' [Feed: Museen Bern]
- Gelöscht [Events vor allem für Kinder]: 'Les minus au musée - Et nous alors?' [Feed: Temps Libre - Ce Weekend]
- Gelöscht [Dauerausstellung ohne Enddatum]: 'Tiere der Schweiz' [Feed: Museen Bern]
- Gelöscht [Dauerausstellung ohne Enddatum]: 'Käfer & Co' [Feed: Museen Bern]
- Gelöscht [Dauerausstellung ohne Enddatum]: 'Tiere Afrikas' [Feed: Museen Bern]
- Gelöscht [Dauerausstellung ohne Enddatum]: 'Steine der Erde' [Feed: Museen Bern]
- Gelöscht [Dauerausstellung ohne Enddatum]: 'Die grosse Knochenschau' [Feed: Museen Bern]
- Gelöscht [Dauerausstellung ohne Enddatum]: 'Der Jagdhund – Helfer und Freund' [Feed: Museen Bern]
- Gelöscht [Dauerausstellung ohne Enddatum]: 'Auf eigene Faust' [Feed: Museen Bern]
- Gelöscht [Events vor allem für Kinder]: 'Picas Nest' [Feed: Museen Bern]
- Gelöscht [Dauerausstellung ohne Enddatum]: 'Das Jagdhorn' [Feed: Museen Bern]
- Gelöscht [Dauerausstellung ohne Enddatum]: 'Tiere des Nordens' [Feed: Museen Bern]
- Gelöscht [Dauerausstellung ohne Enddatum]: 'Kosmos Klee. Die Sammlung' [Feed: Museen Bern]
- Gelöscht [Kein Ort]: 'Ausstellung «Ausnahme ohne Regel» von Arthur Freuler' [Feed: museum.ch Ausstellungen]
- Gelöscht [Kein Ort]: 'Naturjuwel Haberfeld' [Feed: museum.ch Ausstellungen]
- Gelöscht [Kein Ort]: 'Caline Aoun Thresholds of Impermanence' [Feed: museum.ch Ausstellungen]
- Gelöscht [Duplikat]: 'Caline Aoun Thresholds of Impermanence' [Feed: museum.ch Ausstellungen]
- Gelöscht [Kein Ort]: 'Wildes Baselbiet. Tieren und Pflanzen auf der Spur' [Feed: museum.ch Ausstellungen]
- Gelöscht [Kein Ort]: 'Kolonial. Globale Verflechtungen der Schweiz' [Feed: museum.ch Ausstellungen]
- Gelöscht [Kein Ort]: 'Ella Maillart. Fotografische Erzählungen' [Feed: museum.ch Ausstellungen]
- Gelöscht [Kein Ort]: 'Die Sammlung' [Feed: museum.ch Ausstellungen]
- Gelöscht [Kein Ort]: 'Mit fliegendem Teppich durch die Geschichte' [Feed: museum.ch Ausstellungen]
- Gelöscht [Kein Ort]: '1 Raum, 1 Werk. Installationen aus der Sammlung' [Feed: museum.ch Ausstellungen]
- Gelöscht [Kein Ort]: 'Ideen Schweiz' [Feed: museum.ch Ausstellungen]
- Gelöscht [Dauerausstellung ohne Enddatum]: 'La collection' [Feed: Platform 10 Events]
- Gelöscht [Dauerausstellung ohne Enddatum]: 'Einfach Zürich' [Feed: museum.ch Ausstellungen]
- Gelöscht [Kein Ort]: 'Hauptsache gesund. Eine Ausstellung mit Nebenwirkungen' [Feed: museum.ch Ausstellungen]
- Gelöscht [Kein Ort]: 'Geschichte Schweiz' [Feed: museum.ch Ausstellungen]
- Gelöscht [Kein Ort]: '100 œuvres de la Collection jurassienne des beaux-arts (1985-2025)' [Feed: museum.ch Ausstellungen]
- Gelöscht [Kein Ort]: 'Seidenband. Kapital, Kunst & Krise' [Feed: museum.ch Ausstellungen]
- Gelöscht [Kein Ort]: 'Mario Sala' [Feed: museum.ch Ausstellungen]

Finale Liste (97 Einträge):
- [Museen Bern] [Bern] Unterwegs bis 26.11.2026
- [Museen Bern] [Bern] Von der Wunderkammer zum Archiv bis 26.06.2026
- [Museen Bern] [Bern] Das volle Leben. Alte Meister von Duccio bis Liotard bis 27.09.2026
- [Museen Bern] [Bern] Zuhause in der Spätantike – Textile Innenausstattung des 4.–7. Jahrhunderts bis 08.11.2026
- [Museen Bern] [Bern] Vanessa Billy: Superconductors bis 23.08.2026
- [Museen Bern] [Bern] Grönland bis 16.08.2026
- [Museen Bern] [Bern] Villa Abegg – Das Anwesen eines Sammlerpaares bis 08.11.2026
- [Museen Bern] [Burgdorf] Die Wunderkammern bis 31.12.2026
- [Museen Bern] [Bern] Massen – Foules – Crowds bis 19.07.2026
- [Museen Bern] [Bern] Tai Shani: M.I.A.S.M.A bis 23.08.2026
- [Museen Bern] [Burgdorf] Macherinnen bis 31.12.2026
- [Museen Bern] [Bern] Jota Mombaça: compost (continuum) bis 23.08.2026
- [Museen Bern] [Bern] Zeitheldinnen auf der Spur bis 31.12.2026
- [Museen Bern] [Bern] Panorama Schweiz. Von Caspar Wolf bis Ferdinand Hodler bis 05.07.2026
- [Museen Bern] [Bern] Stiftung Expressionismus. Von Gabriele Münter bis Sam Francis bis 05.07.2026
- [Museen Bern] [Bern] Die Zeit ins Bild gerückt bis 21.12.2026
- [Museen Bern] Bern Peter Fischli: Wir Ungestalten bis 23.12.2026
- [Museen Bern] Bern Schwitters. Grenzgänger der Avantgarde bis 21.06.2026
- [Museen Bern] Thun Lumpen Station. Töne-Ton-Werden bis 02.08.2026
- [Morges Agenda] Morges Conférence - L’homosexualité dans l'Armée suisse durant la Seconde Guerre mondiale
- [Museen Bern] Bern Robert Zandvliet. The Painting is a Door bis 30.08.2026
- [Morges Agenda] Morges Fête de la Musique - Saxo Sunset
- [Museen Bern] Bern Franz Gertsch. Eisenbett und Trompete, Familie und Paare bis 30.08.2026
- [Morges Agenda] Morges Fête de la Musique - La Chorale du Brassus
- [Museen Bern] Bern Leanne Picthall. Meaning So Well bis 30.08.2026
- [Morges Agenda] Morges Fête de la Musique - Récital de piano : Elizabeth Sombart et Stavros Dritsas de la Fondation Résonnance
- [Museen Bern] Thun FABRICE HYBER bis 02.08.2026
- [Morges Agenda] Morges Fête de la Musique - Concert de Poc des Poub's
- [Museen Bern] Thun SUSANNE KELLER. HINTERKAMMER DES AUGES bis 29.11.2026
- [Museen Bern] Bern Klimacafé mit den Psychologists for Future (Psy4F)
- [Museen Bern] Bern Die Post vor 60 Jahren bis 21.12.2026
- [Museen Bern] Bern Poetics Of Deconstruction bis 15.08.2026
- [Museen Bern] Bern Fokus. Klees Rückseiten bis 23.08.2026
- [Museen Bern] Bern Der Fuchs bis 19.09.2026
- [Museen Bern] Bern Der Sonntagsausflug bis 08.11.2026
- [Museen Bern] Bern Tabula Musica x Schulmuseum Bern bis 07.09.2026
- [Museen Bern] Bern Fledermaus-Exkursion: Was flattert denn da? bis 18.08.2026
- [Museen Bern] Bern Pétanque-Spielabend im Museumsgarten bis 18.06.2026
- [Museen Bern] Bern Anne Loch. Malerei: Na und? bis 20.09.2026
- [Museen Bern] Bern Franz Gertsch. Blow-Up (Part I) bis 17.01.2027
- [Museen Bern] Bern Sommerfest im Museumsquartier bis 21.08.2026
- [Museen Bern] Thun Schnittstellen der Sicht. Hans Gerber und Sabine Hertig bis 29.11.2026
- [Museen Bern] Bern Bisschen theoretisch bis 27.11.2026
- [Museen Bern] Bern Fokus. Florence Henri (1893–1982) bis 10.01.2027
- [Museen Bern] [Bern] Mythos Murten: Auf der Suche nach dem Wir-Gefühl bis 30.08.2026
- [Museen Bern] [Bern] Beat Jost – Schöne neue Welt bis 07.02.2027
- [Museen Bern] [Bern] Destination: Usakos bis 15.08.2027
- [Museen Bern] [Bern] Roberto Burle Marx. Modernismo tropical bis 07.02.2027
- [Museen Bern] [Bern] Dark Gossip bis 23.10.2026
- [Temps Libre - Ce Weekend] [Rossinière] Royaume des Chats à Rossinière bis 12.09.2026
- [Museen Bern] [Bern] Reise in die Freiheit. Capri – Skagen – Monte Verità bis 31.01.2027
- [Museen Bern] [Bern] CHIPS bis 18.07.2027
- [Temps Libre - Ce Weekend] [Caux] Expositions au Caux Palace bis 13.09.2026
- [Museen Bern] [Bern] Geschichte im Festgewand. Historische Umzüge im 19. Jahrhundert bis 15.11.2026
- [Temps Libre - Ce Weekend] [Lausanne] Fête de la Musique - Spécial Japon
- [Museen Bern] [Bern] Silizium: Von den Alpen ins Silicon Valley bis 09.12.2026
- [Museen Bern] [Bern] Future Fashion bis 07.02.2027
- [Museen Bern] [Bern] Gezeichnet 2026 bis 21.02.2027
- [Temps Libre - Ce Weekend] [Oron] Visite guidée en présence de l'artiste Sève Favre bis 27.06.2026
- [Temps Libre - Ce Weekend] [Bex] Bex Arts 26 : Génies du lieu bis 03.10.2026
- [Temps Libre - Ce Weekend] [Lausanne] Visite guidée "De Bailly à Zaric. Collection d'art Ville de Lausanne" bis 20.06.2026
- [Temps Libre - Ce Weekend] [Lausanne] De Bailly à Zaric. Collection d'art Ville de Lausanne bis 02.08.2026
- [Temps Libre - Ce Weekend] [Yverdon] Marchés d'été ArtYsans Yverdon 2026 bis 03.10.2026
- [Temps Libre - Ce Weekend] [Morges] Soirée publique d'astronomie 2026 bis 01.12.2026
- [Museen Bern] [Bern] Audiowalk «Louf mit mir!»
- [Museen Bern] [Bern] Biel und der Röstigraben
- [Museen Bern] [Burgdorf] Freiheit! Eine musikalische Annäherung
- [Museen Bern] [Bern] "Leben ist Schwingung" und "Vita und Werk Hugo Kükelhaus"
- [Museen Bern] [Bern] SchulSchaulager
- [Morges Agenda] [Morges] Fête de la Musique - Découverte des orgues Ahrend
- [Morges Agenda] [Morges] Café Bienvenue - Rencontre multiculturelle
- [Platform 10 Events 2] [Lausanne] Draw & Drink x mudac [bis 18.06.2026]
- [Platform 10 Events 2] [Lausanne] Projection – L’odyssée de Miette et d’Ella [bis 18.06.2026]
- [Platform 10 Events 2] [Lausanne] Visite avec la commissaire – Otobong Nkanga [bis 18.06.2026]
- [Platform 10 Events 2] [Lausanne] Workshop – Street photography [bis 20.06.2026]
- [Platform 10 Events 2] [Lausanne] Visite commentée – Otobong Nkanga [bis 21.06.2026]
- [Platform 10 Events 2] [Lausanne] Fête de la musique « spécial Japon »
- [Platform 10 Events 2] [Lausanne] Fête de la musique « spécial Japon » – Isao Takahata
- [Platform 10 Events 2] [Lausanne] Fête de la musique « spécial Japon » – Isao Takahata
- [Morges Agenda] [Morges] Fête de la Musique 2026
- [Morges Agenda] [Morges] Diffusion des matchs de la Coupe du Monde de Football
- [Platform 10 Events] [Lausanne] Ella Maillart [bis 01.11.2026]
- [Morges Agenda] [Morges] Workshop Arturia (synthétiseurs) avec Noé Largeron
- [Morges Agenda] [Morges] Espace 81 - exposition SANS FILTRE. Les secrets de l’eau précieuse et naturelle de Morges.
- [Morges Agenda] [Morges] Cours de sport à la piscine - bougez tout l'été
- [Morges Agenda] [Morges] Musée Alexis Forel : Exposition "Salon des fondateurs"
- [Morges Agenda] [Morges] Musée Alexis Forel : Exposition De pierre à image. La lithographie à l'ère postdigitale
- [Morges Agenda] Morges Exposition TOP SECRET - Espionnage et résistance en Suisse et en Europe 1939-1945
- [Platform 10 Events] Lausanne Et nous alors? bis 27.09.2026
- [Morges Agenda] Morges 1110-SPARK
- [museum.ch Ausstellungen] Zug Ilya & Emilia Kabakov – The Tennis Game
- [Morges Agenda] Morges Exposition photographique animalière
- [Platform 10 Events] Lausanne Peintures françaises 1800-1945. Anatomie d’une collection bis 16.08.2026
- [Platform 10 Events] Lausanne Marina Xenofontos. Play Life bis 02.08.2026
- [museum.ch Ausstellungen] Luzern Brian Dawn Chalkley. Angels Suffer Too
- [Platform 10 Events] Lausanne Isao Takahata bis 27.09.2026
- [Platform 10 Events] Lausanne Otobong Nkanga. I dreamt of you in colours bis 23.08.2026
